0 info it worked if it ends with ok
1 verbose cli [ '/usr/local/bin/node',
1 verbose cli   '/usr/local/bin/npm',
1 verbose cli   'run',
1 verbose cli   'build:browser' ]
2 info using npm@4.1.2
3 info using node@v7.7.1
4 verbose run-script [ 'prebuild:browser', 'build:browser', 'postbuild:browser' ]
5 info lifecycle weex@0.4.0~prebuild:browser: weex@0.4.0
6 silly lifecycle weex@0.4.0~prebuild:browser: no script for prebuild:browser, continuing
7 info lifecycle weex@0.4.0~build:browser: weex@0.4.0
8 verbose lifecycle weex@0.4.0~build:browser: unsafe-perm in lifecycle true
9 verbose lifecycle weex@0.4.0~build:browser: PATH: /usr/local/lib/node_modules/npm/bin/node-gyp-bin:/Users/master/gitme/yokaweex2/node_modules/.bin:/Applications/Cocos/tools/ant/bin:/Applications/Cocos/frameworks:/Applications/Cocos/frameworks/cocos2d-x-3.5/tools/cocos2d-console/bin:/usr/local/bin:/usr/bin:/bin:/usr/sbin:/sbin:/Users/master/Desktop/adt-bundle-mac-x86_64-20140702/sdk/tools:/Users/master/Desktop/adt-bundle-mac-x86_64-20140702/sdk/platform-tools
10 verbose lifecycle weex@0.4.0~build:browser: CWD: /Users/master/gitme/yokaweex2
11 silly lifecycle weex@0.4.0~build:browser: Args: [ '-c', 'wwp && node build/build.js browser' ]
12 silly lifecycle weex@0.4.0~build:browser: Returned: code: 1  signal: null
13 info lifecycle weex@0.4.0~build:browser: Failed to exec build:browser script
14 verbose stack Error: weex@0.4.0 build:browser: `wwp && node build/build.js browser`
14 verbose stack Exit status 1
14 verbose stack     at EventEmitter.<anonymous> (/usr/local/lib/node_modules/npm/lib/utils/lifecycle.js:279:16)
14 verbose stack     at emitTwo (events.js:106:13)
14 verbose stack     at EventEmitter.emit (events.js:194:7)
14 verbose stack     at ChildProcess.<anonymous> (/usr/local/lib/node_modules/npm/lib/utils/spawn.js:40:14)
14 verbose stack     at emitTwo (events.js:106:13)
14 verbose stack     at ChildProcess.emit (events.js:194:7)
14 verbose stack     at maybeClose (internal/child_process.js:899:16)
14 verbose stack     at Process.ChildProcess._handle.onexit (internal/child_process.js:226:5)
15 verbose pkgid weex@0.4.0
16 verbose cwd /Users/master/gitme/yokaweex2
17 error Darwin 14.5.0
18 error argv "/usr/local/bin/node" "/usr/local/bin/npm" "run" "build:browser"
19 error node v7.7.1
20 error npm  v4.1.2
21 error code ELIFECYCLE
22 error weex@0.4.0 build:browser: `wwp && node build/build.js browser`
22 error Exit status 1
23 error Failed at the weex@0.4.0 build:browser script 'wwp && node build/build.js browser'.
23 error Make sure you have the latest version of node.js and npm installed.
23 error If you do, this is most likely a problem with the weex package,
23 error not with npm itself.
23 error Tell the author that this fails on your system:
23 error     wwp && node build/build.js browser
23 error You can get information on how to open an issue for this project with:
23 error     npm bugs weex
23 error Or if that isn't available, you can get their info via:
23 error     npm owner ls weex
23 error There is likely additional logging output above.
24 verbose exit [ 1, true ]
